[    0.000000] Linux version 4.15.0-115-generic (buildd@lgw01-amd64-037) (gcc version 7.5.0 (Ubuntu 7.5.0-3ubuntu1~18.04)) #116-Ubuntu SMP Wed Aug 26 14:04:49 UTC 2020 (Ubuntu 4.15.0-115.116-generic 4.15.18)
[    0.000000] Command line: BOOT_IMAGE=/boot/vmlinuz-4.15.0-115-generic root=LABEL=cloudimg-rootfs ro console=tty1 console=ttyS0
[    0.000000] KERNEL supported cpus:
[    0.000000]   Intel GenuineIntel
[    0.000000]   AMD AuthenticAMD
[    0.000000]   Centaur CentaurHauls
[    0.000000] [Firmware Bug]: TSC doesn't count with P0 frequency!
[    0.000000] x86/fpu: x87 FPU will use FXSAVE
[    0.000000] e820: BIOS-provided physical RAM map:
[    0.000000] BIOS-e820: [mem 0x0000000000000000-0x000000000009fbff] usable
[    0.000000] BIOS-e820: [mem 0x000000000009fc00-0x000000000009ffff] reserved
[    0.000000] BIOS-e820: [mem 0x00000000000f0000-0x00000000000fffff] reserved
[    0.000000] BIOS-e820: [mem 0x0000000000100000-0x000000003ffeffff] usable
[    0.000000] BIOS-e820: [mem 0x000000003fff0000-0x000000003fffffff] ACPI data
[    0.000000] BIOS-e820: [mem 0x00000000fec00000-0x00000000fec00fff] reserved
[    0.000000] BIOS-e820: [mem 0x00000000fee00000-0x00000000fee00fff] reserved
[    0.000000] BIOS-e820: [mem 0x00000000fffc0000-0x00000000ffffffff] reserved
[    0.000000] NX (Execute Disable) protection: active
[    0.000000] SMBIOS 2.5 present.
[    0.000000] DMI: innotek GmbH VirtualBox/VirtualBox, BIOS VirtualBox 12/01/2006
[    0.000000] Hypervisor detected: KVM
[    0.000000] e820: last_pfn = 0x3fff0 max_arch_pfn = 0x400000000
[    0.000000] MTRR: Disabled
[    0.000000] x86/PAT: MTRRs disabled, skipping PAT initialization too.
[    0.000000] CPU MTRRs all blank - virtualized system.
[    0.000000] x86/PAT: Configuration [0-7]: WB  WT  UC- UC  WB  WT  UC- UC  
[    0.000000] found SMP MP-table at [mem 0x0009fff0-0x0009ffff]
[    0.000000] Scanning 1 areas for low memory corruption
[    0.000000] RAMDISK: [mem 0x35a6b000-0x36d2cfff]
[    0.000000] ACPI: Early table checksum verification disabled
[    0.000000] ACPI: RSDP 0x00000000000E0000 000024 (v02 VBOX  )
[    0.000000] ACPI: XSDT 0x000000003FFF0030 00003C (v01 VBOX   VBOXXSDT 00000001 ASL  00000061)
[    0.000000] ACPI: FACP 0x000000003FFF00F0 0000F4 (v04 VBOX   VBOXFACP 00000001 ASL  00000061)
[    0.000000] ACPI: DSDT 0x000000003FFF0470 002325 (v02 VBOX   VBOXBIOS 00000002 INTL 20100528)
[    0.000000] ACPI: FACS 0x000000003FFF0200 000040
[    0.000000] ACPI: FACS 0x000000003FFF0200 000040
[    0.000000] ACPI: APIC 0x000000003FFF0240 00005C (v02 VBOX   VBOXAPIC 00000001 ASL  00000061)
[    0.000000] ACPI: SSDT 0x000000003FFF02A0 0001CC (v01 VBOX   VBOXCPUT 00000002 INTL 20100528)
[    0.000000] No NUMA configuration found
[    0.000000] Faking a node at [mem 0x0000000000000000-0x000000003ffeffff]
[    0.000000] NODE_DATA(0) allocated [mem 0x3ffc5000-0x3ffeffff]
[    0.000000] kvm-clock: cpu 0, msr 0:3ff44001, primary cpu clock
[    0.000000] kvm-clock: Using msrs 4b564d01 and 4b564d00
[    0.000000] kvm-clock: using sched offset of 4644791588 cycles
[    0.000000] clocksource: kvm-clock: mask: 0xffffffffffffffff max_cycles: 0x1cd42e4dffb, max_idle_ns: 881590591483 ns
[    0.000000] Zone ranges:
[    0.000000]   DMA      [mem 0x0000000000001000-0x0000000000ffffff]
[    0.000000]   DMA32    [mem 0x0000000001000000-0x000000003ffeffff]
[    0.000000]   Normal   empty
[    0.000000]   Device   empty
[    0.000000] Movable zone start for each node
[    0.000000] Early memory node ranges
[    0.000000]   node   0: [mem 0x0000000000001000-0x000000000009efff]
[    0.000000]   node   0: [mem 0x0000000000100000-0x000000003ffeffff]
[    0.000000] Reserved but unavailable: 98 pages
[    0.000000] Initmem setup node 0 [mem 0x0000000000001000-0x000000003ffeffff]
[    0.000000] ACPI: PM-Timer IO Port: 0x4008
[    0.000000] IOAPIC[0]: apic_id 2, version 32, address 0xfec00000, GSI 0-23
[    0.000000] ACPI: INT_SRC_OVR (bus 0 bus_irq 0 global_irq 2 dfl dfl)
[    0.000000] ACPI: INT_SRC_OVR (bus 0 bus_irq 9 global_irq 9 low level)
[    0.000000] Using ACPI (MADT) for SMP configuration information
[    0.000000] smpboot: Allowing 2 CPUs, 0 hotplug CPUs
[    0.000000] PM: Registered nosave memory: [mem 0x00000000-0x00000fff]
[    0.000000] PM: Registered nosave memory: [mem 0x0009f000-0x0009ffff]
[    0.000000] PM: Registered nosave memory: [mem 0x000a0000-0x000effff]
[    0.000000] PM: Registered nosave memory: [mem 0x000f0000-0x000fffff]
[    0.000000] e820: [mem 0x40000000-0xfebfffff] available for PCI devices
[    0.000000] Booting paravirtualized kernel on KVM
[    0.000000] clocksource: refined-jiffies: mask: 0xffffffff max_cycles: 0xffffffff, max_idle_ns: 7645519600211568 ns
[    0.000000] random: get_random_bytes called from start_kernel+0x99/0x500 with crng_init=0
[    0.000000] setup_percpu: NR_CPUS:8192 nr_cpumask_bits:2 nr_cpu_ids:2 nr_node_ids:1
[    0.000000] percpu: Embedded 45 pages/cpu s147456 r8192 d28672 u1048576
[    0.000000] PV qspinlock hash table entries: 256 (order: 0, 4096 bytes)
[    0.000000] Built 1 zonelists, mobility grouping on.  Total pages: 257913
[    0.000000] Policy zone: DMA32
[    0.000000] Kernel command line: BOOT_IMAGE=/boot/vmlinuz-4.15.0-115-generic root=LABEL=cloudimg-rootfs ro console=tty1 console=ttyS0
[    0.000000] Memory: 983040K/1048120K available (12300K kernel code, 2481K rwdata, 4272K rodata, 2436K init, 2724K bss, 65080K reserved, 0K cma-reserved)
[    0.000000] SLUB: HWalign=64, Order=0-3, MinObjects=0, CPUs=2, Nodes=1
[    0.000000] ftrace: allocating 39392 entries in 154 pages
[    0.004000] Hierarchical RCU implementation.
[    0.004000] 	RCU restricting CPUs from NR_CPUS=8192 to nr_cpu_ids=2.
[    0.004000] 	Tasks RCU enabled.
[    0.004000] RCU: Adjusting geometry for rcu_fanout_leaf=16, nr_cpu_ids=2
[    0.004000] NR_IRQS: 524544, nr_irqs: 440, preallocated irqs: 16
[    0.004000] Console: colour VGA+ 80x25
[    0.004000] console [tty1] enabled
[    0.004000] console [ttyS0] enabled
[    0.004000] ACPI: Core revision 20170831
[    0.004000] ACPI: 2 ACPI AML tables successfully acquired and loaded
[    0.004000] APIC: Switch to symmetric I/O mode setup
[    0.004000] ..TIMER: vector=0x30 apic1=0 pin1=2 apic2=-1 pin2=-1
[    0.004000] tsc: Detected 3693.176 MHz processor
[    0.004000] Calibrating delay loop (skipped) preset value.. 7386.35 BogoMIPS (lpj=14772704)
[    0.004005] pid_max: default: 32768 minimum: 301
[    0.008068] Security Framework initialized
[    0.012003] Yama: becoming mindful.
[    0.014501] AppArmor: AppArmor initialized
[    0.023661] Dentry cache hash table entries: 131072 (order: 8, 1048576 bytes)
[    0.026304] Inode-cache hash table entries: 65536 (order: 7, 524288 bytes)
[    0.028127] Mount-cache hash table entries: 2048 (order: 2, 16384 bytes)
[    0.032074] Mountpoint-cache hash table entries: 2048 (order: 2, 16384 bytes)
[    0.037026] Last level iTLB entries: 4KB 1024, 2MB 1024, 4MB 512
[    0.040002] Last level dTLB entries: 4KB 1536, 2MB 1536, 4MB 768, 1GB 0
[    0.044046] Spectre V1 : Mitigation: usercopy/swapgs barriers and __user pointer sanitization
[    0.052003] Spectre V2 : Spectre mitigation: LFENCE not serializing, switching to generic retpoline
[    0.056002] Spectre V2 : Mitigation: Full generic retpoline
[    0.060002] Spectre V2 : Spectre v2 / SpectreRSB mitigation: Filling RSB on context switch
[    0.064013] Speculative Store Bypass: Mitigation: Speculative Store Bypass disabled via prctl and seccomp
[    0.068153] Freeing SMP alternatives memory: 36K
[    0.192716] APIC calibration not consistent with PM-Timer: 104ms instead of 100ms
[    0.196000] APIC delta adjusted to PM-Timer: 6453125 (6770956)
[    0.196357] smpboot: CPU0: AMD Ryzen 7 2700X Eight-Core Processor (family: 0x17, model: 0x8, stepping: 0x2)
[    0.200538] Performance Events: PMU not available due to virtualization, using software events only.
[    0.204155] Hierarchical SRCU implementation.
[    0.208852] NMI watchdog: Perf event create on CPU 0 failed with -2
[    0.212003] NMI watchdog: Perf NMI watchdog permanently disabled
[    0.216442] smp: Bringing up secondary CPUs ...
[    0.221071] x86: Booting SMP configuration:
[    0.224004] .... node  #0, CPUs:      #1
[    0.004000] kvm-clock: cpu 1, msr 0:3ff44041, secondary cpu clock
[    0.234596] TSC synchronization [CPU#0 -> CPU#1]:
[    0.236000] Measured 139194 cycles TSC warp between CPUs, turning off TSC clock.
[    0.236000] tsc: Marking TSC unstable due to check_tsc_sync_source failed
[    0.240068] smp: Brought up 1 node, 2 CPUs
[    0.243281] smpboot: Max logical packages: 1
[    0.244084] smpboot: Total of 2 processors activated (14772.70 BogoMIPS)
[    0.252728] devtmpfs: initialized
[    0.256266] x86/mm: Memory block size: 128MB
[    0.260000] evm: security.selinux
[    0.260008] evm: security.SMACK64
[    0.264005] evm: security.SMACK64EXEC
[    0.266446] evm: security.SMACK64TRANSMUTE
[    0.268007] evm: security.SMACK64MMAP
[    0.270515] evm: security.apparmor
[    0.272003] evm: security.ima
[    0.274040] evm: security.capability
[    0.276546] clocksource: jiffies: mask: 0xffffffff max_cycles: 0xffffffff, max_idle_ns: 7645041785100000 ns
[    0.284018] futex hash table entries: 512 (order: 3, 32768 bytes)
[    0.288335] pinctrl core: initialized pinctrl subsystem
[    0.292164] RTC time: 22:20:28, date: 09/24/20
[    0.297037] NET: Registered protocol family 16
[    0.300142] audit: initializing netlink subsys (disabled)
[    0.304397] audit: type=2000 audit(1600986034.449:1): state=initialized audit_enabled=0 res=1
[    0.308007] cpuidle: using governor ladder
[    0.316013] cpuidle: using governor menu
[    0.321756] ACPI: bus type PCI registered
[    0.324007] acpiphp: ACPI Hot Plug PCI Controller Driver version: 0.5
[    0.332592] PCI: Using configuration type 1 for base access
[    0.336002] PCI: Using configuration type 1 for extended access
[    0.348726] HugeTLB registered 2.00 MiB page size, pre-allocated 0 pages
[    0.356189] ACPI: Added _OSI(Module Device)
[    0.360002] ACPI: Added _OSI(Processor Device)
[    0.364105] ACPI: Added _OSI(3.0 _SCP Extensions)
[    0.368004] ACPI: Added _OSI(Processor Aggregator Device)
[    0.372005] ACPI: Added _OSI(Linux-Dell-Video)
[    0.376004] ACPI: Added _OSI(Linux-Lenovo-NV-HDMI-Audio)
[    0.380003] ACPI: Added _OSI(Linux-HPI-Hybrid-Graphics)
[    0.388213] ACPI: Executed 1 blocks of module-level executable AML code
[    0.402464] ACPI: Interpreter enabled
[    0.404030] ACPI: (supports S0 S5)
[    0.408008] ACPI: Using IOAPIC for interrupt routing
[    0.412532] PCI: Using host bridge windows from ACPI; if necessary, use "pci=nocrs" and report a bug
[    0.420259] ACPI: Enabled 2 GPEs in block 00 to 07
[    0.435812] ACPI: PCI Root Bridge [PCI0] (domain 0000 [bus 00-ff])
[    0.440012] acpi PNP0A03:00: _OSC: OS supports [ExtendedConfig ASPM ClockPM Segments MSI]
[    0.445416] acpi PNP0A03:00: _OSC: platform does not support [PCIeCapability]
[    0.452719] acpi PNP0A03:00: _OSC: not requesting control; platform does not support [PCIeCapability]
[    0.460004] acpi PNP0A03:00: _OSC: OS requested [PCIeHotplug PME AER PCIeCapability]
[    0.464003] acpi PNP0A03:00: _OSC: platform willing to grant [PCIeHotplug PME AER]
[    0.468004] acpi PNP0A03:00: _OSC failed (AE_SUPPORT); disabling ASPM
[    0.476368] PCI host bridge to bus 0000:00
[    0.479061] pci_bus 0000:00: root bus resource [io  0x0000-0x0cf7 window]
[    0.480004] pci_bus 0000:00: root bus resource [io  0x0d00-0xffff window]
[    0.488003] pci_bus 0000:00: root bus resource [mem 0x000a0000-0x000bffff window]
[    0.492003] pci_bus 0000:00: root bus resource [mem 0x40000000-0xfdffffff window]
[    0.496004] pci_bus 0000:00: root bus resource [bus 00-ff]
[    0.506226] pci 0000:00:01.1: legacy IDE quirk: reg 0x10: [io  0x01f0-0x01f7]
[    0.508003] pci 0000:00:01.1: legacy IDE quirk: reg 0x14: [io  0x03f6]
[    0.516003] pci 0000:00:01.1: legacy IDE quirk: reg 0x18: [io  0x0170-0x0177]
[    0.520003] pci 0000:00:01.1: legacy IDE quirk: reg 0x1c: [io  0x0376]
[    0.568629] pci 0000:00:07.0: quirk: [io  0x4000-0x403f] claimed by PIIX4 ACPI
[    0.580045] pci 0000:00:07.0: quirk: [io  0x4100-0x410f] claimed by PIIX4 SMB
[    0.601874] ACPI: PCI Interrupt Link [LNKA] (IRQs 5 9 10 *11)
[    0.608522] ACPI: PCI Interrupt Link [LNKB] (IRQs 5 9 *10 11)
[    0.620136] ACPI: PCI Interrupt Link [LNKC] (IRQs 5 *9 10 11)
[    0.624175] ACPI: PCI Interrupt Link [LNKD] (IRQs 5 9 10 *11)
[    0.636457] SCSI subsystem initialized
[    0.640349] pci 0000:00:02.0: vgaarb: setting as boot VGA device
[    0.644000] pci 0000:00:02.0: vgaarb: VGA device added: decodes=io+mem,owns=io+mem,locks=none
[    0.660007] pci 0000:00:02.0: vgaarb: bridge control possible
[    0.668003] vgaarb: loaded
[    0.672064] ACPI: bus type USB registered
[    0.676042] usbcore: registered new interface driver usbfs
[    0.684011] usbcore: registered new interface driver hub
[    0.688109] usbcore: registered new device driver usb
[    0.696377] EDAC MC: Ver: 3.0.0
[    0.704414] PCI: Using ACPI for IRQ routing
[    0.712014] NetLabel: Initializing
[    0.716003] NetLabel:  domain hash size = 128
[    0.720002] NetLabel:  protocols = UNLABELED CIPSOv4 CALIPSO
[    0.728017] NetLabel:  unlabeled traffic allowed by default
[    0.736281] clocksource: Switched to clocksource kvm-clock
[    0.791906] VFS: Disk quotas dquot_6.6.0
[    0.795395] VFS: Dquot-cache hash table entries: 512 (order 0, 4096 bytes)
[    0.801114] AppArmor: AppArmor Filesystem Enabled
[    0.804500] pnp: PnP ACPI init
[    0.808318] pnp: PnP ACPI: found 3 devices
[    0.845432] clocksource: acpi_pm: mask: 0xffffff max_cycles: 0xffffff, max_idle_ns: 2085701024 ns
[    0.851572] NET: Registered protocol family 2
[    0.855792] TCP established hash table entries: 8192 (order: 4, 65536 bytes)
[    0.861595] TCP bind hash table entries: 8192 (order: 5, 131072 bytes)
[    0.866426] TCP: Hash tables configured (established 8192 bind 8192)
[    0.873257] UDP hash table entries: 512 (order: 2, 16384 bytes)
[    0.877277] UDP-Lite hash table entries: 512 (order: 2, 16384 bytes)
[    0.881710] NET: Registered protocol family 1
[    0.884784] pci 0000:00:00.0: Limiting direct PCI/PCI transfers
[    0.888955] pci 0000:00:01.0: Activating ISA DMA hang workarounds
[    0.893160] pci 0000:00:02.0: Video device with shadowed ROM at [mem 0x000c0000-0x000dffff]
[    0.898900] Unpacking initramfs...
[    1.416115] Freeing initrd memory: 19208K
[    1.420794] clocksource: tsc: mask: 0xffffffffffffffff max_cycles: 0x6a784eee004, max_idle_ns: 881591119301 ns
[    1.427479] platform rtc_cmos: registered platform RTC device (no PNP device found)
[    1.433462] Scanning for low memory corruption every 60 seconds
[    1.439316] Initialise system trusted keyrings
[    1.442984] Key type blacklist registered
[    1.446716] workingset: timestamp_bits=36 max_order=18 bucket_order=0
[    1.454142] zbud: loaded
[    1.457640] squashfs: version 4.0 (2009/01/31) Phillip Lougher
[    1.462907] fuse init (API version 7.26)
[    1.493402] Key type asymmetric registered
[    1.496036] Asymmetric key parser 'x509' registered
[    1.499473] Block layer SCSI generic (bsg) driver version 0.4 loaded (major 246)
[    1.505143] io scheduler noop registered
[    1.507663] io scheduler deadline registered
[    1.511139] io scheduler cfq registered (default)
[    1.515007] ACPI: AC Adapter [AC] (on-line)
[    1.517926] input: Power Button as /devices/LNXSYSTM:00/LNXPWRBN:00/input/input0
[    1.522970] ACPI: Power Button [PWRF]
[    1.525683] input: Sleep Button as /devices/LNXSYSTM:00/LNXSLPBN:00/input/input1
[    1.530543] ACPI: Sleep Button [SLPF]
[    1.534235] Serial: 8250/16550 driver, 32 ports, IRQ sharing enabled
[    1.566355] 00:02: ttyS0 at I/O 0x3f8 (irq = 4, base_baud = 115200) is a 16550A
[    1.587455] Linux agpgart interface v0.103
[    1.599715] loop: module loaded
[    1.604688] scsi host0: ata_piix
[    1.607526] scsi host1: ata_piix
[    1.610381] ata1: PATA max UDMA/33 cmd 0x1f0 ctl 0x3f6 bmdma 0xd000 irq 14
[    1.615011] ata2: PATA max UDMA/33 cmd 0x170 ctl 0x376 bmdma 0xd008 irq 15
[    1.620191] libphy: Fixed MDIO Bus: probed
[    1.623725] tun: Universal TUN/TAP device driver, 1.6
[    1.628040] PPP generic driver version 2.4.2
[    1.631165] ehci_hcd: USB 2.0 'Enhanced' Host Controller (EHCI) Driver
[    1.636077] ehci-pci: EHCI PCI platform driver
[    1.639095] ehci-platform: EHCI generic platform driver
[    1.642946] ohci_hcd: USB 1.1 'Open' Host Controller (OHCI) Driver
[    1.647407] ohci-pci: OHCI PCI platform driver
[    1.650914] ohci-platform: OHCI generic platform driver
[    1.654872] uhci_hcd: USB Universal Host Controller Interface driver
[    1.659576] i8042: PNP: PS/2 Controller [PNP0303:PS2K,PNP0f03:PS2M] at 0x60,0x64 irq 1,12
[    1.668475] serio: i8042 KBD port at 0x60,0x64 irq 1
[    1.671763] serio: i8042 AUX port at 0x60,0x64 irq 12
[    1.676521] mousedev: PS/2 mouse device common for all mice
[    1.681942] input: AT Translated Set 2 keyboard as /devices/platform/i8042/serio0/input/input2
[    1.685535] rtc_cmos rtc_cmos: rtc core: registered rtc_cmos as rtc0
[    1.695791] rtc_cmos rtc_cmos: alarms up to one day, 114 bytes nvram
[    1.701330] i2c /dev entries driver
[    1.703699] device-mapper: uevent: version 1.0.3
[    1.707069] device-mapper: ioctl: 4.37.0-ioctl (2017-09-20) initialised: dm-devel@redhat.com
[    1.712984] ledtrig-cpu: registered to indicate activity on CPUs
[    1.718164] NET: Registered protocol family 10
[    1.727580] Segment Routing with IPv6
[    1.730111] NET: Registered protocol family 17
[    1.733350] Key type dns_resolver registered
[    1.736885] mce: Using 0 MCE banks
[    1.739237] RAS: Correctable Errors collector initialized.
[    1.743324] sched_clock: Marking stable (1743270626, 0)->(2290516610, -547245984)
[    1.751229] registered taskstats version 1
[    1.754537] Loading compiled-in X.509 certificates
[    1.761155] Loaded X.509 cert 'Build time autogenerated kernel key: 4655b2c914ed6b33eca2e2b4a955f269ad793254'
[    1.767488] zswap: loaded using pool lzo/zbud
[    1.777313] Key type big_key registered
[    1.779857] Key type trusted registered
[    1.805474] Key type encrypted registered
[    1.808194] AppArmor: AppArmor sha1 policy hashing enabled
[    1.811893] ima: No TPM chip found, activating TPM-bypass! (rc=-19)
[    1.816732] ima: Allocated hash algorithm: sha1
[    1.819787] evm: HMAC attrs: 0x1
[    1.822798]   Magic number: 4:429:351
[    1.830727] rtc_cmos rtc_cmos: setting system clock to 2020-09-24 22:20:30 UTC (1600986030)
[    1.837091] BIOS EDD facility v0.16 2004-Jun-25, 0 devices found
[    1.840913] EDD information not available.
[    1.846341] Freeing unused kernel image memory: 2436K
[    1.875246] Write protecting the kernel read-only data: 20480k
[    1.881069] Freeing unused kernel image memory: 2008K
[    1.884724] Freeing unused kernel image memory: 1872K
[    1.893708] x86/mm: Checked W+X mappings: passed, no W+X pages found.
Loading, please wait...
starting version 237
[    1.971339] e1000: Intel(R) PRO/1000 Network Driver - version 7.3.21-k8-NAPI
[    1.976411] e1000: Copyright (c) 1999-2006 Intel Corporation.
[    1.995575] Fusion MPT base driver 3.04.20
[    1.998461] Copyright (c) 1999-2008 LSI Corporation
[    2.013354] Fusion MPT SPI Host driver 3.04.20
[    2.539290] input: ImExPS/2 Generic Explorer Mouse as /devices/platform/i8042/serio1/input/input4
[    2.584396] e1000 0000:00:03.0 eth0: (PCI:33MHz:32-bit) 02:86:2f:41:27:17
[    2.589324] e1000 0000:00:03.0 eth0: Intel(R) PRO/1000 Network Connection
[    2.596602] e1000 0000:00:03.0 enp0s3: renamed from eth0
[    2.600863] mptbase: ioc0: Initiating bringup
[    2.714165] ioc0: LSI53C1030 A0: Capabilities={Initiator}
[    3.266616] scsi host2: ioc0: LSI53C1030 A0, FwRev=00000000h, Ports=1, MaxQ=256, IRQ=20
[    4.078243] scsi 2:0:0:0: Direct-Access     VBOX     HARDDISK         1.0  PQ: 0 ANSI: 5
[    4.116234] scsi target2:0:0: Beginning Domain Validation
[    4.126241] scsi target2:0:0: Domain Validation skipping write tests
[    4.130878] scsi target2:0:0: Ending Domain Validation
[    4.134243] scsi target2:0:0: asynchronous
[    4.138053] scsi 2:0:1:0: Direct-Access     VBOX     HARDDISK         1.0  PQ: 0 ANSI: 5
[    5.068193] scsi target2:0:1: Beginning Domain Validation
[    5.072533] random: fast init done
[    5.079634] scsi target2:0:1: Domain Validation skipping write tests
[    5.084232] scsi target2:0:1: Ending Domain Validation
[    5.088026] scsi target2:0:1: asynchronous
[    5.100294] random: systemd-udevd: uninitialized urandom read (16 bytes read)
[    5.100374] sd 2:0:0:0: Attached scsi generic sg0 type 0
[    5.105497] random: systemd-udevd: uninitialized urandom read (16 bytes read)
[    5.110806] sd 2:0:1:0: [sdb] 20480 512-byte logical blocks: (10.5 MB/10.0 MiB)
[    5.115676] random: systemd-udevd: uninitialized urandom read (16 bytes read)
[    5.121915] sd 2:0:1:0: Attached scsi generic sg1 type 0
[    5.132274] sd 2:0:1:0: [sdb] Write Protect is off
[    5.136106] sd 2:0:0:0: [sda] 20971520 512-byte logical blocks: (10.7 GB/10.0 GiB)
[    5.140875] sd 2:0:1:0: [sdb] Incomplete mode parameter data
[    5.146529] sd 2:0:1:0: [sdb] Assuming drive cache: write through
[    5.146626] sd 2:0:0:0: [sda] Write Protect is off
[    5.155000] sd 2:0:0:0: [sda] Incomplete mode parameter data
[    5.157802] sd 2:0:1:0: [sdb] Attached SCSI disk
[    5.161468] sd 2:0:0:0: [sda] Assuming drive cache: write through
[    5.172735]  sda: sda1
[    5.176207] sd 2:0:0:0: [sda] Attached SCSI disk
Begin: Loading essential drivers ... [    7.040071] raid6: sse2x1   gen()  8583 MB/s
[    7.088901] raid6: sse2x1   xor()  8468 MB/s
[    7.136757] raid6: sse2x2   gen() 17221 MB/s
[    7.184816] raid6: sse2x2   xor() 11210 MB/s
[    7.232479] raid6: sse2x4   gen() 17585 MB/s
[    7.280307] raid6: sse2x4   xor()  9607 MB/s
[    7.283071] raid6: using algorithm sse2x4 gen() 17585 MB/s
[    7.287253] raid6: .... xor() 9607 MB/s, rmw enabled
[    7.290604] raid6: using ssse3x2 recovery algorithm
[    7.295043] xor: measuring software checksum speed
[    7.336114]    prefetch64-sse: 14908.000 MB/sec
[    7.376982]    generic_sse: 17335.000 MB/sec
[    7.379683] xor: using function: generic_sse (17335.000 MB/sec)
[    7.386132] async_tx: api initialized (async)
done.
Begin: Running /scripts/init-premount ... done.
Begin: Mounting root file system ... Begin: Running /scripts/local-top ... done.
Begin: Running /scripts/local-premount ... [    7.441125] Btrfs loaded, crc32c=crc32c-intel
Scanning for Btrfs filesystems
done.
Warning: fsck not present, so skipping root file system
[    7.487822] EXT4-fs (sda1): mounted filesystem with ordered data mode. Opts: (null)
done.
Begin: Running /scripts/local-bottom ... done.
Begin: Running /scripts/init-bottom ... done.
[    7.677949] ip_tables: (C) 2000-2006 Netfilter Core Team
[    7.694419] systemd[1]: systemd 237 running in system mode. (+PAM +AUDIT +SELINUX +IMA +APPARMOR +SMACK +SYSVINIT +UTMP +LIBCRYPTSETUP +GCRYPT +GNUTLS +ACL +XZ +LZ4 +SECCOMP +BLKID +ELFUTILS +KMOD -IDN2 +IDN -PCRE2 default-hierarchy=hybrid)
[    7.708862] systemd[1]: Detected virtualization oracle.
[    7.712029] systemd[1]: Detected architecture x86-64.

Welcome to [1mUbuntu 18.04.5 LTS[0m!

[    7.748347] systemd[1]: Set hostname to <ubuntu>.
[    7.758366] systemd[1]: Initializing machine ID from random generator.
[    7.762775] systemd[1]: Installed transient /etc/machine-id file.
[    8.078215] systemd[1]: Set up automount Arbitrary Executable File Formats File System Automount Point.
[[0;32m  OK  [0m] Set up automount Arbitrary Executab…rmats File System Automount Point.
[    8.095785] systemd[1]: Created slice System Slice.
[[0;32m  OK  [0m] Created slice System Slice.
[    8.101603] systemd[1]: Listening on Device-mapper event daemon FIFOs.
[[0;32m  OK  [0m] Listening on Device-mapper event daemon FIFOs.
[    8.108193] systemd[1]: Listening on Journal Audit Socket.
[[0;32m  OK  [0m] Listening on Journal Audit Socket.
[[0;32m  OK  [0m] Listening on Journal Socket.
         Starting Load Kernel Modules...
[[0;32m  OK  [0m] Listening on Journal Socket (/dev/log).
[[0;32m  OK  [0m] Created slice User and Session Slice.
         Mounting Kernel Debug File System...
         Starting Create list of required st…ce nodes for the current kernel...
[[0;32m  OK  [0m] Listening on LVM2 poll daemon socket.
[[0;32m  OK  [0m] Listening on udev Control Socket.
[[0;32m  OK  [0m] Reached target System Time Synchronized.
[[0;32m  OK  [0m] Reached target Slices.
[[0;32m  OK  [0m] Reached target Swap.
         Starting Uncomplicated firewall...
[[0;32m  OK  [0m] Started Forward Password Requests to Wall Directory Watch.
         Mounting POSIX Message Queue File System...
[[0;32m  OK  [0m] Created slice system-serial\x2dgetty.slice.[    8.155633] Loading iSCSI transport class v2.0-870.

[[0;32m  OK  [0m] Listening on LVM2 metadata daemon socket.
[[0;32m  OK  [0m] Listening on Network Service Netlink Socket.
[    8.171144] iscsi: registered transport (tcp)
         Starting Set the console keyboard layout...
         Starting Monitoring of LVM2 mirrors…ng dmeventd or progress polling...
[[0;32m  OK  [0m] Reached target User and Group Name Lookups.
[[0;32m  OK  [0m] Listening on /dev/initctl Compatibility Named Pipe.
         Starting Remount Root and Kernel File Systems...
[[0;32m  OK  [0m] Listening on udev Kernel Socket.
         Starting udev Coldplug all Devices...
[[0;32m  OK  [0m] Listening on Syslog Socket.
         Starting Journal Service...
[    8.272854] iscsi: registered transport (iser)
         Mounting Huge Pages File System...
[[0;32m  OK  [0m] Mounted Kernel Debug File System.
[[0;32m  OK  [0m] Started Create list of required sta…vice nodes for the current kernel.
[[0;32m  OK  [0m] Started Uncomplicated firewall.
[[0;32m  OK  [0m] Mounted POSIX Message Queue File System.
[[0;32m  OK  [0m] Mounted Huge Pages File System.
[[0;32m  OK  [0m] Started LVM2 metadata daemon.
         Starting Create Static Device Nodes in /dev...
[[0;32m  OK  [0m] Started Load Kernel Modules.
         Starting Apply Kernel Variables...
         Mounting Kernel Configuration File System...
         Mounting FUSE Control File Syste[    8.316560] EXT4-fs (sda1): re-mounted. Opts: (null)
m...
[[0;32m  OK  [0m] Mounted Kernel Configuration File System.
[[0;32m  OK  [0m] Started Remount Root and Kernel File Systems.
[[0;32m  OK  [0m] Mounted FUSE Control File System.
         Starting Load/Save Random Seed...
[[0;32m  OK  [0m] Started Journal Service.
[[0;32m  OK  [0m] Started Monitoring of LVM2 mirrors,…sing dmeventd or progress polling.
[[0;32m  OK  [0m] Started udev Coldplug all Devices.
[[0;32m  OK  [0m] Started Load/Save Random Seed.
         Starting Flush Journal to Persistent Storage...
[[0;32m  OK  [0m] Started Apply Kernel Variables.
[[0;32m  OK  [0m] Started Set the console keyboard layout.
[[0;32m  OK  [0m] Started Create Static Device Nodes in /dev.
         Starting udev Kernel Device Manager...
[[0;32m  OK  [0m] Reached target Local File Systems (Pre).
[[0;32m  OK  [0m] Reached target Local File Systems.
         Starting Commit a transient machine-id on disk...
         Starting Set console font and keymap...
         Starting Tell Plymouth To Write Out Runtime Data...
         Starting AppArmor initialization...
         Starting ebtables ruleset management...
[[0;32m  OK  [0m] Started Flush Journal to Persistent Storage.
[[0;32m  OK  [0m] Started Set console font and keymap.
         Starting Create Volatile Files and Directories...
[[0;32m  OK  [0m] Started Tell Plymouth To Write Out Runtime Data.
[[0;32m  OK  [0m] Started udev Kernel Device Manager.
[[0;32m  OK  [0m] Started Dispatch Password Requests to Console Directory Watch.
[[0;32m  OK  [0m] Reached target Local Encrypted Volumes.
[[0;32m  OK  [0m] Started Commit a transient machine-id on disk.
[[0;32m  OK  [0m] Started Create Volatile Files and Directories.
         Starting Update UTMP about System Boot/Shutdown...
[[0;32m  OK  [0m] Started Update UTMP about System Boot/Shutdown.
[[0;32m  OK  [0m] Started ebtables ruleset management.
[[0;32m  OK  [0m] Found device /dev/ttyS0.
[[0;32m  OK  [0m] Listening on Load/Save RF Kill Switch Status /dev/rfkill Watch.
[[0;32m  OK  [0m] Started AppArmor initialization.
         Starting Load AppArmor profiles managed internally by snapd...
         Starting Initial cloud-init job (pre-networking)...
[[0;32m  OK  [0m] Started Load AppArmor profiles managed internally by snapd.
[   10.883210] cloud-init[541]: Cloud-init v. 20.2-45-g5f7825e2-0ubuntu1~18.04.1 running 'init-local' at Thu, 24 Sep 2020 22:20:39 +0000. Up 10.52 seconds.
[[0;32m  OK  [0m] Started Initial cloud-init job (pre-networking).
[[0;32m  OK  [0m] Reached target Network (Pre).
         Starting Network Service...
[[0;32m  OK  [0m] Started Network Service.
         Starting Network Name Resolution...
         Starting Wait for Network to be Configured...
[[0;32m  OK  [0m] Started Network Name Resolution.
[[0;32m  OK  [0m] Reached target Network.
[[0;32m  OK  [0m] Reached target Host and Network Name Lookups.
[[0;32m  OK  [0m] Started Wait for Network to be Configured.
         Starting Initial cloud-init job (metadata service crawler)...
[   13.312476] cloud-init[643]: Cloud-init v. 20.2-45-g5f7825e2-0ubuntu1~18.04.1 running 'init' at Thu, 24 Sep 2020 22:20:41 +0000. Up 13.19 seconds.
[   13.321581] cloud-init[643]: ci-info: ++++++++++++++++++++++++++++++++++++++Net device info++++++++++++++++++++++++++++++++++++++
[   13.325725] cloud-init[643]: ci-info: +--------+------+----------------------------+---------------+--------+-------------------+
[   13.329261] cloud-init[643]: ci-info: | Device |  Up  |          Address           |      Mask     | Scope  |     Hw-Address    |
[   13.333604] cloud-init[643]: ci-info: +--------+------+----------------------------+---------------+--------+-------------------+
[   13.338640] cloud-init[643]: ci-info: | enp0s3 | True |         10.0.2.15          | 255.255.255.0 | global | 02:86:2f:41:27:17 |
[   13.342273] cloud-init[643]: ci-info: | enp0s3 | True | fe80::86:2fff:fe41:2717/64 |       .       |  link  | 02:86:2f:41:27:17 |
[   13.345850] cloud-init[643]: ci-info: |   lo   | True |         127.0.0.1          |   255.0.0.0   |  host  |         .         |
[   13.349483] cloud-init[643]: ci-info: |   lo   | True |          ::1/128           |       .       |  host  |         .         |
[   13.353228] cloud-init[643]: ci-info: +--------+------+----------------------------+---------------+--------+-------------------+
[   13.356681] cloud-init[643]: ci-info: ++++++++++++++++++++++++++++Route IPv4 info+++++++++++++++++++++++++++++
[   13.359778] cloud-init[643]: ci-info: +-------+-------------+----------+-----------------+-----------+-------+
[   13.362856] cloud-init[643]: ci-info: | Route | Destination | Gateway  |     Genmask     | Interface | Flags |
[   13.365920] cloud-init[643]: ci-info: +-------+-------------+----------+-----------------+-----------+-------+
[   13.369006] cloud-init[643]: ci-info: |   0   |   0.0.0.0   | 10.0.2.2 |     0.0.0.0     |   enp0s3  |   UG  |
[   13.371965] cloud-init[643]: ci-info: |   1   |   10.0.2.0  | 0.0.0.0  |  255.255.255.0  |   enp0s3  |   U   |
[   13.374952] cloud-init[643]: ci-info: |   2   |   10.0.2.2  | 0.0.0.0  | 255.255.255.255 |   enp0s3  |   UH  |
[   13.377960] cloud-init[643]: ci-info: +-------+-------------+----------+-----------------+-----------+-------+
[   13.381080] cloud-init[643]: ci-info: +++++++++++++++++++Route IPv6 info+++++++++++++++++++
[   13.383778] cloud-init[643]: ci-info: +-------+-------------+---------+-----------+-------+
[   13.386362] cloud-init[643]: ci-info: | Route | Destination | Gateway | Interface | Flags |
[   13.388932] cloud-init[643]: ci-info: +-------+-------------+---------+-----------+-------+
[   13.391544] cloud-init[643]: ci-info: |   1   |  fe80::/64  |    ::   |   enp0s3  |   U   |
[   13.394069] cloud-init[643]: ci-info: |   3   |    local    |    ::   |   enp0s3  |   U   |
[   13.396554] cloud-init[643]: ci-info: |   4   |   ff00::/8  |    ::   |   enp0s3  |   U   |
[   13.399380] cloud-init[643]: ci-info: +-------+-------------+---------+-----------+-------+
[   14.058031] cloud-init[643]: Generating public/private rsa key pair.
[   14.060297] cloud-init[643]: Your identification has been saved in /etc/ssh/ssh_host_rsa_key.
[   14.062863] cloud-init[643]: Your public key has been saved in /etc/ssh/ssh_host_rsa_key.pub.
[   14.065581] cloud-init[643]: The key fingerprint is:
[   14.067232] cloud-init[643]: SHA256:eYzYkIwoONKuKPkTx/ackWMthH1fYmR6ELkaTtGPhxI root@ubuntu-bionic
[   14.072182] cloud-init[643]: The key's randomart image is:
[   14.075876] cloud-init[643]: +---[RSA 2048]----+
[   14.079553] cloud-init[643]: |       ..o       |
[   14.083124] cloud-init[643]: |.. . oE.+ o      |
[   14.086822] cloud-init[643]: |= o .o+o X       |
[   14.090350] cloud-init[643]: |.+  . *+*+* .    |
[   14.096208] cloud-init[643]: |  .. +.BS=oo     |
[   14.103454] cloud-init[643]: |.o. + O ...      |[[0;32m  OK  [0m] Started Initial cloud-init job (metadata service crawler).
[[0;32m  OK  [0m] Reached target Cloud-config availability.
[[0;32m  OK  [0m] Reached target Network is Online.

[[0;32m  OK  [0m] Reached target Remote File Systems (Pre).
[[0;32m  OK  [0m] Reached target Remote File Systems.
         Starting Availability of block devices...
[[0;32m  OK  [0m] Reached target System Initialization.
[[0;32m  OK  [0m] Started ACPI Events Check.
[[0;32m  OK  [0m] Started Daily Cleanup of Temporary Directories.
[[0;32m  OK  [0m] Reached target Paths.
[   14.124451] cloud-init[643]: |=  + + =         |
[   14.126590] cloud-init[643]: |...   +          |
[   14.128094] cloud-init[643]: |  ..             |
[   14.129737] cloud-init[643]: +----[SHA256]-----+
[[   14.131268] cloud-init[643]: Generating public/private dsa key pair.
[   14.131753] cloud-init[643]: Your identification has been saved in /etc/ssh/ssh_host_dsa_key.
[   14.131788] cloud-init[643]: Your public key has been saved in /etc/ssh/ssh_host_dsa_key.pub.
[   14.131815] cloud-init[643]: The key fingerprint is:
[   14.132654] cloud-init[643]: SHA256:w4dVJPCN7uxoPMmbdpZbg+QZKwAfv/9oXRO6farhcto root@ubuntu-bionic
[   14.132999] cloud-init[643]: The key's randomart image is:
[   14.133344] cloud-init[643]: +---[DSA 1024]----+
[   14.133690] cloud-init[643]: |        ....o    |
[   14.134029] cloud-init[643]: |         . =     |
[   14.134376] cloud-init[643]: |    . .   + .    |
[   14.134724] cloud-init[643]: |     o + +    .  |
[   14.135065] cloud-init[643]: |      o S =  . . |
[   14.135411] cloud-init[643]: |       . O =. o  |
[   14.135755] cloud-init[643]: |       oo.Bo++ . |
[   14.136097] cloud-init[643]: |        B**=+o. .|
[   14.136888] cloud-init[643]: |       o+***E..o |
[   14.137228] cloud-init[643]: +----[SHA256]-----+
[   14.137566] cloud-init[643]: Generating public/private ecdsa key pair.
[   14.137916] cloud-init[643]: Your identification has been saved in /etc/ssh/ssh_host_ecdsa_key.
[   14.138262] cloud-init[643]: Your public key has been saved in /etc/ssh/ssh_host_ecdsa_key.pub.
[   14.138602] cloud-init[643]: The key fingerprint is:
[   14.138941] cloud-init[643]: SHA256:zCAzPmrcRqEk3oXuVWYxWL5rgwkLrDQXnYDvCik+xyk root@ubuntu-bionic
[   14.139291] cloud-init[643]: The key's randomart image is:
[   14.139665] cloud-init[643]: +---[ECDSA 256]---+
[   14.140040] cloud-init[643]: |  ..  o+         |
[   14.140769] cloud-init[643]: | .  +.o o        |
[   14.141129] cloud-init[643]: |. oo=+.=         |
[   14.141487] cloud-init[643]: |ooo+o=++.        |
[   14.141836] cloud-init[643]: | Bo=+. .S        |
[   14.142185] cloud-init[643]: |*.==+.o .        |
[   14.142528] cloud-init[643]: |= *o+o +         |
[   14.142871] cloud-init[643]: | E =  . .        |
[   14.143220] cloud-init[643]: |  +              |
[   14.143565] cloud-init[643]: +----[SHA256]-----+
[   14.143904] cloud-init[643]: Generating public/private ed25519 key pair.
[   14.144631] cloud-init[643]: Your identification has been saved in /etc/ssh/ssh_host_ed25519_key.
[   14.144978] cloud-init[643]: Your public key has been saved in /etc/ssh/ssh_host_ed25519_key.pub.
[   14.145317] cloud-init[643]: The key fingerprint is:
[   14.145655] cloud-init[643]: SHA256:bPFz8fRUxAWwUP+wG2zdiJuzAUoGHWrdGtQDu/vPbZk root@ubuntu-bionic
[   14.146007] cloud-init[643]: The key's randomart image is:
[   14.146345] cloud-init[643]: +--[ED25519 256]--+
[   14.146690] cloud-init[643]: |        +o..o..+=|
[   14.147112] cloud-init[643]: |       = +o. o  o|
[   14.147452] cloud-init[643]: |      + * ..o + .|
[   14.147793] cloud-init[643]: |     . o *   * O.|
[   14.148142] cloud-init[643]: |        S + o B =|
[   14.148911] cloud-init[643]: |       + o + + o |
[   14.149250] cloud-init[643]: |        o   = .o |
[   14.149593] cloud-init[643]: |         . . =E  |
[   14.149960] cloud-init[643]: |          ..+..  |
[   14.150291] cloud-init[643]: +----[SHA256]-----+
[0;32m  OK  [0m] Started Message of the Day.
         Starting LXD - unix socket.
[[0;32m  OK  [0m] Started Discard unused blocks once a week.
[[0;32m  OK  [0m] Listening on ACPID Listen Socket.
         Starting Socket activation for snappy daemon.
[[0;32m  OK  [0m] Listening on Open-iSCSI iscsid Socket.
[[0;32m  OK  [0m] Listening on D-Bus System Message Bus Socket.
[[0;32m  OK  [0m] Listening on UUID daemon activation socket.
[[0;32m  OK  [0m] Started Daily apt download activities.
[[0;32m  OK  [0m] Started Daily apt upgrade and clean activities.
[[0;32m  OK  [0m] Reached target Timers.
[[0;32m  OK  [0m] Started Availability of block devices.
[[0;32m  OK  [0m] Listening on LXD - unix socket.
[[0;32m  OK  [0m] Listening on Socket activation for snappy daemon.
[[0;32m  OK  [0m] Reached target Sockets.
[[0;32m  OK  [0m] Reached target Basic System.
         Starting Dispatcher daemon for systemd-networkd...
[[0;32m  OK  [0m] Started FUSE filesystem for LXC.
[[0;32m  OK  [0m] Started D-Bus System Message Bus.
         Starting LSB: Record successful boot for GRUB...
[[0;32m  OK  [0m] Started irqbalance daemon.
         Starting Virtualbox guest utils...
         Starting Permit User Sessions...
         Starting Accounts Service...
[[0;32m  OK  [0m] Started Regular background program processing daemon.
         Starting Login Service...
[[0;32m  OK  [0m] Started Deferred execution scheduler.
         Starting System Logging Service...
         Starting LSB: automatic crash report generation...
         Starting Pollinate to seed the pseudo random number generator...
         Starting Snap Daemon...
         Starting LXD - container startup/shutdown...
[[0;32m  OK  [0m] Started System Logging Service.
[[0;32m  OK  [0m] Started Permit User Sessions.
[[0;32m  OK  [0m] Started Login Service.
[[0;32m  OK  [0m] Started Unattended Upgrades Shutdown.
         Starting Authorization Manager...
         Starting Hold until boot process finishes up...
         Starting Terminate Plymouth Boot Screen...
[[0;32m  OK  [0m] Started Dispatcher daemon for systemd-networkd.
[[0;32m  OK  [0m] Started Hold until boot process finishes up.
[[0;32m  OK  [0m] Started Terminate Plymouth Boot Screen.
         Starting Set console scheme...
[[0;32m  OK  [0m] Started Serial Getty on ttyS0.
[[0;32m  OK  [0m] Started Set console scheme.
[[0;32m  OK  [0m] Started LSB: automatic crash report generation.
[[0;32m  OK  [0m] Created slice system-getty.slice.
[[0;32m  OK  [0m] Started Getty on tty1.
[[0;32m  OK  [0m] Reached target Login Prompts.
[[0;32m  OK  [0m] Started LSB: Record successful boot for GRUB.
[[0;32m  OK  [0m] Started LXD - container startup/shutdown.
[[0;32m  OK  [0m] Started Authorization Manager.
[[0;32m  OK  [0m] Started Accounts Service.
[[0;32m  OK  [0m] Started Virtualbox guest utils.
[[0;32m  OK  [0m] Started Snap Daemon.
         Starting Wait until snapd is fully seeded...
[[0;32m  OK  [0m] Started Wait until snapd is fully seeded.
         Starting Apply the settings specified in cloud-config...
[[0;32m  OK  [0m] Started Pollinate to seed the pseudo random number generator.
         Starting OpenBSD Secure Shell server...
[[0;32m  OK  [0m] Started OpenBSD Secure Shell server.
[[0;32m  OK  [0m] Reached target Multi-User System.
[[0;32m  OK  [0m] Reached target Graphical Interface.
         Starting Update UTMP about System Runlevel Changes...
[[0;32m  OK  [0m] Started Update UTMP about System Runlevel Changes.
[   17.115211] cloud-init[1162]: Cloud-init v. 20.2-45-g5f7825e2-0ubuntu1~18.04.1 running 'modules:config' at Thu, 24 Sep 2020 22:20:45 +0000. Up 16.56 seconds.
[[0;32m  OK  [0m] Started Apply the settings specified in cloud-config.
         Starting Execute cloud user/final scripts...
ci-info: no authorized SSH keys fingerprints found for user ubuntu.
<14>Sep 24 22:20:46 ec2: 
<14>Sep 24 22:20:46 ec2: #############################################################
<14>Sep 24 22:20:46 ec2: -----BEGIN SSH HOST KEY FINGERPRINTS-----
<14>Sep 24 22:20:46 ec2: 1024 SHA256:w4dVJPCN7uxoPMmbdpZbg+QZKwAfv/9oXRO6farhcto root@ubuntu-bionic (DSA)
<14>Sep 24 22:20:46 ec2: 256 SHA256:zCAzPmrcRqEk3oXuVWYxWL5rgwkLrDQXnYDvCik+xyk root@ubuntu-bionic (ECDSA)
<14>Sep 24 22:20:46 ec2: 256 SHA256:bPFz8fRUxAWwUP+wG2zdiJuzAUoGHWrdGtQDu/vPbZk root@ubuntu-bionic (ED25519)
<14>Sep 24 22:20:46 ec2: 2048 SHA256:eYzYkIwoONKuKPkTx/ackWMthH1fYmR6ELkaTtGPhxI root@ubuntu-bionic (RSA)
<14>Sep 24 22:20:46 ec2: -----END SSH HOST KEY FINGERPRINTS-----
<14>Sep 24 22:20:46 ec2: #############################################################
-----BEGIN SSH HOST KEY KEYS-----
ecdsa-sha2-nistp256 AAAAE2VjZHNhLXNoYTItbmlzdHAyNTYAAAAIbmlzdHAyNTYAAABBBITS+a54entYVyT3meXRsQD1FRSbZnfaKukX7xgb4TEVKJXTD1Epo3OpaCRe7ixaexvkkRnYI7OwDIFW69sahvA= root@ubuntu-bionic
ssh-ed25519 AAAAC3NzaC1lZDI1NTE5AAAAIB2ri22GfXhi7tRDQpNSsNXS86LjDzW4yO0a9gtMAmLz root@ubuntu-bionic
ssh-rsa AAAAB3NzaC1yc2EAAAADAQABAAABAQDB1Si4YNGFbKgSVlBpSY8e1pW+eJfsLslQT3v0CI38VbLOAybomDrwkNGRVKFjRd0nSSW9RiVG9oSvjWhHj3nlU89hLPkqXkg8DbBqAMtusPXBRkzXzjM7OZiLheZshK4+aYI2XKtQgWTcrxFQ+YQywJB0hiEFOLjZv8Xyfjkz72kppEIKKn3ng9liirUQEnBJp72qP2abw+RET7A9e9UG/sBULUwVNTu4mhfo3Uox7QvnwToNE+855W42OeINhNUPdeJfhPOhBBB6c/B13MLhTw++cbcU7acrOkm+iawmBBuSgdVJFDKuOI0DXDefadWXtHkD19nflBc8iDSAHRaJ root@ubuntu-bionic
-----END SSH HOST KEY KEYS-----
[   17.645323] cloud-init[1238]: Cloud-init v. 20.2-45-g5f7825e2-0ubuntu1~18.04.1 running 'modules:final' at Thu, 24 Sep 2020 22:20:46 +0000. Up 17.47 seconds.
[   17.650376] cloud-init[1238]: ci-info: no authorized SSH keys fingerprints found for user ubuntu.
[   17.653402] cloud-init[1238]: Cloud-init v. 20.2-45-g5f7825e2-0ubuntu1~18.04.1 finished at Thu, 24 Sep 2020 22:20:46 +0000. Datasource DataSourceNoCloud [seed=/dev/sdb][dsmode=net].  Up 17.63 seconds
[[0;32m  OK  [0m] Started Execute cloud user/final scripts.
[[0;32m  OK  [0m] Reached target Cloud-init target.

Ubuntu 18.04.5 LTS ubuntu-bionic ttyS0

ubuntu-bionic login: 